[1.126s] Invoking command in '/home/rowan/task5_ws/src/turtle_pkg': DEBUGINFOD_URLS=https://debuginfod.ubuntu.com PYTHONPATH=/home/rowan/task5_ws/build/turtle_pkg/prefix_override:/usr/lib/python3/dist-packages/colcon_core/task/python/colcon_distutils_commands:/home/rowan/task5_ws/install/turtle_pkg/lib/python3.12/site-packages:${PYTHONPATH} /usr/bin/python3 -W ignore:setup.py install is deprecated -W ignore:easy_install command is deprecated setup.py egg_info --egg-base ../../build/turtle_pkg build --build-base /home/rowan/task5_ws/build/turtle_pkg/build install --record /home/rowan/task5_ws/build/turtle_pkg/install.log --single-version-externally-managed install_data
[1.476s] running egg_info
[1.476s] creating ../../build/turtle_pkg/turtle_pkg.egg-info
[1.508s] writing ../../build/turtle_pkg/turtle_pkg.egg-info/PKG-INFO
[1.508s] writing dependency_links to ../../build/turtle_pkg/turtle_pkg.egg-info/dependency_links.txt
[1.509s] writing entry points to ../../build/turtle_pkg/turtle_pkg.egg-info/entry_points.txt
[1.509s] writing requirements to ../../build/turtle_pkg/turtle_pkg.egg-info/requires.txt
[1.509s] writing top-level names to ../../build/turtle_pkg/turtle_pkg.egg-info/top_level.txt
[1.509s] writing manifest file '../../build/turtle_pkg/turtle_pkg.egg-info/SOURCES.txt'
[1.575s] reading manifest file '../../build/turtle_pkg/turtle_pkg.egg-info/SOURCES.txt'
[1.576s] writing manifest file '../../build/turtle_pkg/turtle_pkg.egg-info/SOURCES.txt'
[1.576s] running build
[1.576s] running build_py
[1.576s] creating /home/rowan/task5_ws/build/turtle_pkg/build
[1.576s] creating /home/rowan/task5_ws/build/turtle_pkg/build/lib
[1.577s] creating /home/rowan/task5_ws/build/turtle_pkg/build/lib/turtle_pkg
[1.577s] copying turtle_pkg/turtle_chase.py -> /home/rowan/task5_ws/build/turtle_pkg/build/lib/turtle_pkg
[1.577s] copying turtle_pkg/__init__.py -> /home/rowan/task5_ws/build/turtle_pkg/build/lib/turtle_pkg
[1.577s] running install
[1.586s] running install_lib
[1.618s] creating /home/rowan/task5_ws/install/turtle_pkg/lib/python3.12/site-packages/turtle_pkg
[1.618s] copying /home/rowan/task5_ws/build/turtle_pkg/build/lib/turtle_pkg/turtle_chase.py -> /home/rowan/task5_ws/install/turtle_pkg/lib/python3.12/site-packages/turtle_pkg
[1.619s] copying /home/rowan/task5_ws/build/turtle_pkg/build/lib/turtle_pkg/__init__.py -> /home/rowan/task5_ws/install/turtle_pkg/lib/python3.12/site-packages/turtle_pkg
[1.619s] byte-compiling /home/rowan/task5_ws/install/turtle_pkg/lib/python3.12/site-packages/turtle_pkg/turtle_chase.py to turtle_chase.cpython-312.pyc
[1.620s] byte-compiling /home/rowan/task5_ws/install/turtle_pkg/lib/python3.12/site-packages/turtle_pkg/__init__.py to __init__.cpython-312.pyc
[1.621s] running install_data
[1.621s] creating /home/rowan/task5_ws/install/turtle_pkg/share/ament_index
[1.621s] creating /home/rowan/task5_ws/install/turtle_pkg/share/ament_index/resource_index
[1.621s] creating /home/rowan/task5_ws/install/turtle_pkg/share/ament_index/resource_index/packages
[1.621s] copying resource/turtle_pkg -> /home/rowan/task5_ws/install/turtle_pkg/share/ament_index/resource_index/packages
[1.622s] copying package.xml -> /home/rowan/task5_ws/install/turtle_pkg/share/turtle_pkg
[1.622s] creating /home/rowan/task5_ws/install/turtle_pkg/share/turtle_pkg/launch
[1.622s] copying launch/turtle_chase_launch.py -> /home/rowan/task5_ws/install/turtle_pkg/share/turtle_pkg/launch
[1.622s] running install_egg_info
[1.651s] Copying ../../build/turtle_pkg/turtle_pkg.egg-info to /home/rowan/task5_ws/install/turtle_pkg/lib/python3.12/site-packages/turtle_pkg-0.0.0-py3.12.egg-info
[1.652s] running install_scripts
[1.835s] Installing turtle_chase script to /home/rowan/task5_ws/install/turtle_pkg/lib/turtle_pkg
[1.835s] writing list of installed files to '/home/rowan/task5_ws/build/turtle_pkg/install.log'
[1.866s] Invoked command in '/home/rowan/task5_ws/src/turtle_pkg' returned '0': DEBUGINFOD_URLS=https://debuginfod.ubuntu.com PYTHONPATH=/home/rowan/task5_ws/build/turtle_pkg/prefix_override:/usr/lib/python3/dist-packages/colcon_core/task/python/colcon_distutils_commands:/home/rowan/task5_ws/install/turtle_pkg/lib/python3.12/site-packages:${PYTHONPATH} /usr/bin/python3 -W ignore:setup.py install is deprecated -W ignore:easy_install command is deprecated setup.py egg_info --egg-base ../../build/turtle_pkg build --build-base /home/rowan/task5_ws/build/turtle_pkg/build install --record /home/rowan/task5_ws/build/turtle_pkg/install.log --single-version-externally-managed install_data
